<?xml version="1.0" encoding="UTF-8"?>
<testng-results ignored="0" total="1" passed="1" failed="0" skipped="0">
  <reporter-output>
  </reporter-output>
  <suite started-at="2021-11-08T18:07:50 IST" name="Default suite" finished-at="2021-11-08T18:09:06 IST" duration-ms="75894">
    <groups>
    </groups>
    <test started-at="2021-11-08T18:07:50 IST" name="Default test" finished-at="2021-11-08T18:09:06 IST" duration-ms="75894">
      <class name="testNgprojects.Test1">
        <test-method signature="ChromeTestMethod()[pri:0, instance:testNgprojects.Test1@6a6afff2]" started-at="2021-11-08T18:07:50 IST" name="ChromeTestMethod" finished-at="2021-11-08T18:09:06 IST" duration-ms="75858" status="PASS">
          <reporter-output>
          </reporter-output>
        </test-method> <!-- ChromeTestMethod -->
      </class> <!-- testNgprojects.Test1 -->
    </test> <!-- Default test -->
  </suite> <!-- Default suite -->
</testng-results>
